[0505/133047.647:INFO:CONSOLE(99)] "You must enable Billing on the Google Cloud Project at https://console.cloud.google.com/project/_/billing/enable Learn more at https://developers.google.com/maps/gmp-get-started", source: https://maps.googleapis.com/maps/api/js?key=AIzaSyCy-fMWerzvXcPCV0FDI07hW2DAzs_mnpY&callback=initMap (99)
[0505/133056.366:INFO:CONSOLE(22)] "Here I am !!!", source: https://cn1app/streams/1 (22)
[0505/150400.502:WARNING:dns_config_service_win.cc(700)] Failed to read DnsConfig.
[0505/150400.940:WARNING:dns_config_service_win.cc(700)] Failed to read DnsConfig.
[0505/150540.060:INFO:CONSOLE(114)] "Uncaught (in promise) Error: Could not load "marker".", source: https://maps.googleapis.com/maps/api/js?key=AIzaSyCy-fMWerzvXcPCV0FDI07hW2DAzs_mnpY&callback=initMap (114)
[0505/150540.136:INFO:CONSOLE(114)] "Uncaught (in promise) Error: Could not load "marker".", source: https://maps.googleapis.com/maps/api/js?key=AIzaSyCy-fMWerzvXcPCV0FDI07hW2DAzs_mnpY&callback=initMap (114)
[0505/150853.207:INFO:CONSOLE(99)] "You must enable Billing on the Google Cloud Project at https://console.cloud.google.com/project/_/billing/enable Learn more at https://developers.google.com/maps/gmp-get-started", source: https://maps.googleapis.com/maps/api/js?key=AIzaSyCy-fMWerzvXcPCV0FDI07hW2DAzs_mnpY&callback=initMap (99)
[0505/150901.249:INFO:CONSOLE(22)] "Here I am !!!", source: https://cn1app/streams/1 (22)
[0505/154502.155:WARNING:dns_config_service_win.cc(700)] Failed to read DnsConfig.
[0505/154502.163:WARNING:dns_config_service_win.cc(700)] Failed to read DnsConfig.
[0505/154502.175:WARNING:dns_config_service_win.cc(700)] Failed to read DnsConfig.
[0505/154502.178:WARNING:dns_config_service_win.cc(700)] Failed to read DnsConfig.
[0505/154502.194:WARNING:dns_config_service_win.cc(700)] Failed to read DnsConfig.
[0505/154502.252:WARNING:dns_config_service_win.cc(700)] Failed to read DnsConfig.
[0505/154502.265:WARNING:dns_config_service_win.cc(700)] Failed to read DnsConfig.
[0505/154502.265:WARNING:dns_config_service_win.cc(700)] Failed to read DnsConfig.
[0505/154502.268:WARNING:dns_config_service_win.cc(700)] Failed to read DnsConfig.
[0505/172318.403:WARNING:dns_config_service_win.cc(700)] Failed to read DnsConfig.
[0505/172318.411:WARNING:dns_config_service_win.cc(700)] Failed to read DnsConfig.
[0505/210521.344:WARNING:dns_config_service_win.cc(700)] Failed to read DnsConfig.
[0505/210521.357:WARNING:dns_config_service_win.cc(700)] Failed to read DnsConfig.
[0505/210521.409:WARNING:dns_config_service_win.cc(700)] Failed to read DnsConfig.
[0505/210521.435:WARNING:dns_config_service_win.cc(700)] Failed to read DnsConfig.
[0505/210521.644:WARNING:dns_config_service_win.cc(700)] Failed to read DnsConfig.
[0507/161958.938:INFO:CONSOLE(99)] "You must enable Billing on the Google Cloud Project at https://console.cloud.google.com/project/_/billing/enable Learn more at https://developers.google.com/maps/gmp-get-started", source: https://maps.googleapis.com/maps/api/js?key=AIzaSyCy-fMWerzvXcPCV0FDI07hW2DAzs_mnpY&callback=initMap (99)
[0507/161959.568:WARNING:spdy_session.cc(3365)] Received HEADERS for invalid stream 5
[0507/162007.731:INFO:CONSOLE(22)] "Here I am !!!", source: https://cn1app/streams/1 (22)
[0507/162031.328:WARNING:spdy_session.cc(3365)] Received HEADERS for invalid stream 107
[0507/162031.661:WARNING:spdy_session.cc(3365)] Received HEADERS for invalid stream 109
[0507/162031.885:WARNING:spdy_session.cc(3365)] Received HEADERS for invalid stream 111
[0507/162031.921:WARNING:spdy_session.cc(3365)] Received HEADERS for invalid stream 117
[0507/162032.179:WARNING:spdy_session.cc(3365)] Received HEADERS for invalid stream 115
[0507/162032.191:WARNING:spdy_session.cc(3365)] Received HEADERS for invalid stream 113
[0507/162452.134:INFO:CONSOLE(99)] "You must enable Billing on the Google Cloud Project at https://console.cloud.google.com/project/_/billing/enable Learn more at https://developers.google.com/maps/gmp-get-started", source: https://maps.googleapis.com/maps/api/js?key=AIzaSyCy-fMWerzvXcPCV0FDI07hW2DAzs_mnpY&callback=initMap (99)
[0507/162500.335:INFO:CONSOLE(22)] "Here I am !!!", source: https://cn1app/streams/1 (22)
[0507/162920.434:INFO:CONSOLE(99)] "You must enable Billing on the Google Cloud Project at https://console.cloud.google.com/project/_/billing/enable Learn more at https://developers.google.com/maps/gmp-get-started", source: https://maps.googleapis.com/maps/api/js?key=AIzaSyCy-fMWerzvXcPCV0FDI07hW2DAzs_mnpY&callback=initMap (99)
[0507/162921.308:WARNING:spdy_session.cc(3365)] Received HEADERS for invalid stream 5
[0507/162928.671:INFO:CONSOLE(22)] "Here I am !!!", source: https://cn1app/streams/1 (22)
[0508/093210.478:INFO:CONSOLE(22)] "Here I am !!!", source: https://cn1app/streams/1 (22)
[0508/093219.106:INFO:CONSOLE(99)] "You must enable Billing on the Google Cloud Project at https://console.cloud.google.com/project/_/billing/enable Learn more at https://developers.google.com/maps/gmp-get-started", source: https://maps.googleapis.com/maps/api/js?key=AIzaSyCy-fMWerzvXcPCV0FDI07hW2DAzs_mnpY&callback=initMap (99)
[0508/094109.313:INFO:CONSOLE(99)] "You must enable Billing on the Google Cloud Project at https://console.cloud.google.com/project/_/billing/enable Learn more at https://developers.google.com/maps/gmp-get-started", source: https://maps.googleapis.com/maps/api/js?key=AIzaSyCy-fMWerzvXcPCV0FDI07hW2DAzs_mnpY&callback=initMap (99)
[0508/094117.320:INFO:CONSOLE(22)] "Here I am !!!", source: https://cn1app/streams/1 (22)
[0508/094226.021:INFO:CONSOLE(99)] "You must enable Billing on the Google Cloud Project at https://console.cloud.google.com/project/_/billing/enable Learn more at https://developers.google.com/maps/gmp-get-started", source: https://maps.googleapis.com/maps/api/js?key=AIzaSyCy-fMWerzvXcPCV0FDI07hW2DAzs_mnpY&callback=initMap (99)
[0508/094234.434:INFO:CONSOLE(22)] "Here I am !!!", source: https://cn1app/streams/1 (22)
